[debug] [2022-10-12T01:28:14.722Z] ----------------------------------------------------------------------
[debug] [2022-10-12T01:28:14.729Z] Command:       C:\Program Files (x86)\nodejs\node.exe C:\Users\Owner\AppData\Roaming\npm\node_modules\firebase-tools\lib\bin\firebase.js login:ci
[debug] [2022-10-12T01:28:14.731Z] CLI Version:   11.14.2
[debug] [2022-10-12T01:28:14.731Z] Platform:      win32
[debug] [2022-10-12T01:28:14.731Z] Node Version:  v16.14.0
[debug] [2022-10-12T01:28:14.790Z] Time:          Wed Oct 12 2022 02:28:14 GMT+0100 (West Africa Standard Time)
[debug] [2022-10-12T01:28:14.791Z] ----------------------------------------------------------------------
[debug] 
[debug] [2022-10-12T01:28:14.831Z] >>> [apiv2][query] GET https://firebase-public.firebaseio.com/cli.json [none]
[warn] !  Authenticating with a `login:ci` token is deprecated and will be removed in a future major version of `firebase-tools`. Instead, use a service account key with `GOOGLE_APPLICATION_CREDENTIALS`: https://cloud.google.com/docs/authentication/getting-started 
[info] 
[info] Visit this URL on this device to log in:
[info] https://accounts.google.com/o/oauth2/auth?client_id=563584335869-fgrhgmd47bqnekij5i8b5pr03ho849e6.apps.googleusercontent.com&scope=email%20openid%20https%3A%2F%2Fwww.googleapis.com%2Fauth%2Fcloudplatformprojects.readonly%20https%3A%2F%2Fwww.googleapis.com%2Fauth%2Ffirebase%20https%3A%2F%2Fwww.googleapis.com%2Fauth%2Fcloud-platform&response_type=code&state=140798946&redirect_uri=http%3A%2F%2Flocalhost%3A9005
[info] 
[info] Waiting for authentication...
[debug] [2022-10-12T01:28:17.600Z] <<< [apiv2][status] GET https://firebase-public.firebaseio.com/cli.json 200
[debug] [2022-10-12T01:28:17.602Z] <<< [apiv2][body] GET https://firebase-public.firebaseio.com/cli.json {"cloudBuildErrorAfter":1594252800000,"cloudBuildWarnAfter":1590019200000,"defaultNode10After":1594252800000,"minVersion":"3.0.5","node8DeploysDisabledAfter":1613390400000,"node8RuntimeDisabledAfter":1615809600000,"node8WarnAfter":1600128000000}
[debug] [2022-10-12T01:40:50.590Z] ----------------------------------------------------------------------
[debug] [2022-10-12T01:40:50.595Z] Command:       C:\Program Files (x86)\nodejs\node.exe C:\Users\Owner\AppData\Roaming\npm\node_modules\firebase-tools\lib\bin\firebase.js login:ci
[debug] [2022-10-12T01:40:50.597Z] CLI Version:   11.14.2
[debug] [2022-10-12T01:40:50.597Z] Platform:      win32
[debug] [2022-10-12T01:40:50.597Z] Node Version:  v16.14.0
[debug] [2022-10-12T01:40:50.599Z] Time:          Wed Oct 12 2022 02:40:50 GMT+0100 (West Africa Standard Time)
[debug] [2022-10-12T01:40:50.600Z] ----------------------------------------------------------------------
[debug] 
[warn] !  Authenticating with a `login:ci` token is deprecated and will be removed in a future major version of `firebase-tools`. Instead, use a service account key with `GOOGLE_APPLICATION_CREDENTIALS`: https://cloud.google.com/docs/authentication/getting-started 
[info] 
[info] Visit this URL on this device to log in:
[info] https://accounts.google.com/o/oauth2/auth?client_id=563584335869-fgrhgmd47bqnekij5i8b5pr03ho849e6.apps.googleusercontent.com&scope=email%20openid%20https%3A%2F%2Fwww.googleapis.com%2Fauth%2Fcloudplatformprojects.readonly%20https%3A%2F%2Fwww.googleapis.com%2Fauth%2Ffirebase%20https%3A%2F%2Fwww.googleapis.com%2Fauth%2Fcloud-platform&response_type=code&state=674705624&redirect_uri=http%3A%2F%2Flocalhost%3A9005
[info] 
[info] Waiting for authentication...
[debug] [2022-10-12T02:03:52.968Z] ----------------------------------------------------------------------
[debug] [2022-10-12T02:03:52.974Z] Command:       C:\Program Files (x86)\nodejs\node.exe C:\Users\Owner\AppData\Roaming\npm\node_modules\firebase-tools\lib\bin\firebase.js login
[debug] [2022-10-12T02:03:52.975Z] CLI Version:   11.14.2
[debug] [2022-10-12T02:03:52.976Z] Platform:      win32
[debug] [2022-10-12T02:03:52.976Z] Node Version:  v16.14.0
[debug] [2022-10-12T02:03:52.978Z] Time:          Wed Oct 12 2022 03:03:52 GMT+0100 (West Africa Standard Time)
[debug] [2022-10-12T02:03:52.979Z] ----------------------------------------------------------------------
[debug] 
[info] i  Firebase optionally collects CLI and Emulator Suite usage and error reporting information to help improve our products. Data is collected in accordance with Google's privacy policy (https://policies.google.com/privacy) and is not used to identify you.
 
[info] i  To change your data collection preference at any time, run `firebase logout` and log in again. 
[info] 
[info] Visit this URL on this device to log in:
[info] https://accounts.google.com/o/oauth2/auth?client_id=563584335869-fgrhgmd47bqnekij5i8b5pr03ho849e6.apps.googleusercontent.com&scope=email%20openid%20https%3A%2F%2Fwww.googleapis.com%2Fauth%2Fcloudplatformprojects.readonly%20https%3A%2F%2Fwww.googleapis.com%2Fauth%2Ffirebase%20https%3A%2F%2Fwww.googleapis.com%2Fauth%2Fcloud-platform&response_type=code&state=311025787&redirect_uri=http%3A%2F%2Flocalhost%3A9005
[info] 
[info] Waiting for authentication...
